0 info it worked if it ends with ok
1 verbose cli [ '/usr/local/bin/node', '/usr/local/bin/npm', 'publish' ]
2 info using npm@3.10.9
3 info using node@v6.9.2
4 verbose publish [ '.' ]
5 silly cache add args [ '.', null ]
6 verbose cache add spec .
7 silly cache add parsed spec Result {
7 silly cache add   raw: '.',
7 silly cache add   scope: null,
7 silly cache add   escapedName: null,
7 silly cache add   name: null,
7 silly cache add   rawSpec: '.',
7 silly cache add   spec: '/Users/warus/Documents/AXIO/node-azure-pdfinfo',
7 silly cache add   type: 'directory' }
8 verbose addLocalDirectory /Users/warus/.npm/azure-pdfinfo/0.4.0/package.tgz not in flight; packing
9 verbose correctMkdir /Users/warus/.npm correctMkdir not in flight; initializing
10 info lifecycle azure-pdfinfo@0.4.0~prepublish: azure-pdfinfo@0.4.0
11 silly lifecycle azure-pdfinfo@0.4.0~prepublish: no script for prepublish, continuing
12 verbose tar pack [ '/Users/warus/.npm/azure-pdfinfo/0.4.0/package.tgz',
12 verbose tar pack   '/Users/warus/Documents/AXIO/node-azure-pdfinfo' ]
13 verbose tarball /Users/warus/.npm/azure-pdfinfo/0.4.0/package.tgz
14 verbose folder /Users/warus/Documents/AXIO/node-azure-pdfinfo
15 verbose addLocalTarball adding from inside cache /Users/warus/.npm/azure-pdfinfo/0.4.0/package.tgz
16 verbose correctMkdir /Users/warus/.npm correctMkdir not in flight; initializing
17 silly cache afterAdd azure-pdfinfo@0.4.0
18 verbose afterAdd /Users/warus/.npm/azure-pdfinfo/0.4.0/package/package.json not in flight; writing
19 verbose correctMkdir /Users/warus/.npm correctMkdir not in flight; initializing
20 verbose afterAdd /Users/warus/.npm/azure-pdfinfo/0.4.0/package/package.json written
21 silly publish { name: 'azure-pdfinfo',
21 silly publish   version: '0.4.0',
21 silly publish   description: 'simple api for reading pdf meta info via xpdf\'s pdfinfo(1)',
21 silly publish   main: 'index.js',
21 silly publish   directories: { test: 'test' },
21 silly publish   scripts: { test: 'make test' },
21 silly publish   repository:
21 silly publish    { type: 'git',
21 silly publish      url: 'git+https://github.com/Aserus/node-azure-pdfinfo.git' },
21 silly publish   dependencies: {},
21 silly publish   devDependencies: { should: '3.3.1', mocha: '1.18.2' },
21 silly publish   keywords: [ 'pdf', 'xpdf', 'pdfinfo', 'meta', 'postscript' ],
21 silly publish   author: { name: 'Warus', email: 'http://firebyte.ru/' },
21 silly publish   license: 'MIT',
21 silly publish   readmeFilename: 'README.md',
21 silly publish   readme: '# azure-pdfinfo\n\nA simple api for reading pdf meta info via [xpdf\'s](http://www.foolabs.com/xpdf) `pdfinfo(1)`.\n\n## Requires\n\n* [Node.js](http://nodejs.org)\n* [npm](http://npmjs.org) _node package manager_\n* [xpdf](http://www.foolabs.com/xpdf) / `pdfinfo(1)`\n\n## Install\n\n    $ git clone https://github.com/Aserus/node-azure-pdfinfo.git\n    $ cd azure-pdfinfo\n    $ npm install\n\n## Example\n\n    var PDF = require(\'azure-pdfinfo\');\n\n    var pdf = PDF(\'test/pdf/basic.pdf\');\n\n    pdf.info(function(err, meta){\n      if (err) throw err;\n      console.log(\'pdf info\', meta)\n    })\n\nYou can also pass a readable stream into the first argument instead of a file.\n\n## License\n\nMIT\n',
21 silly publish   gitHead: 'b19a692d89badf1002aa30efeae587f7ed97b30e',
21 silly publish   bugs: { url: 'https://github.com/Aserus/node-azure-pdfinfo/issues' },
21 silly publish   homepage: 'https://github.com/Aserus/node-azure-pdfinfo#readme',
21 silly publish   _id: 'azure-pdfinfo@0.4.0',
21 silly publish   _shasum: 'f06edbb2f52c6a0bee3b8b77f12d1b33e72afb42',
21 silly publish   _from: '.' }
22 verbose getPublishConfig undefined
23 silly mapToRegistry name azure-pdfinfo
24 silly mapToRegistry using default registry
25 silly mapToRegistry registry https://registry.npmjs.org/
26 silly mapToRegistry data Result {
26 silly mapToRegistry   raw: 'azure-pdfinfo',
26 silly mapToRegistry   scope: null,
26 silly mapToRegistry   escapedName: 'azure-pdfinfo',
26 silly mapToRegistry   name: 'azure-pdfinfo',
26 silly mapToRegistry   rawSpec: '',
26 silly mapToRegistry   spec: 'latest',
26 silly mapToRegistry   type: 'tag' }
27 silly mapToRegistry uri https://registry.npmjs.org/azure-pdfinfo
28 verbose publish registryBase https://registry.npmjs.org/
29 silly publish uploading /Users/warus/.npm/azure-pdfinfo/0.4.0/package.tgz
30 verbose request uri https://registry.npmjs.org/azure-pdfinfo
31 verbose request sending authorization for write operation
32 info attempt registry request try #1 at 00:48:17
33 verbose request using bearer token for auth
34 verbose request id f80d9d96a8fea96e
35 http request PUT https://registry.npmjs.org/azure-pdfinfo
36 http 403 https://registry.npmjs.org/azure-pdfinfo
37 verbose headers { 'content-type': 'application/json',
37 verbose headers   'cache-control': 'max-age=300',
37 verbose headers   'content-length': '95',
37 verbose headers   'accept-ranges': 'bytes',
37 verbose headers   date: 'Sat, 11 Mar 2017 21:48:22 GMT',
37 verbose headers   via: '1.1 varnish',
37 verbose headers   connection: 'keep-alive',
37 verbose headers   'x-served-by': 'cache-hhn1546-HHN',
37 verbose headers   'x-cache': 'MISS',
37 verbose headers   'x-cache-hits': '0',
37 verbose headers   'x-timer': 'S1489268898.025127,VS0,VE4221',
37 verbose headers   vary: 'Accept-Encoding' }
38 verbose request invalidating /Users/warus/.npm/registry.npmjs.org/azure-pdfinfo on PUT
39 error publish Failed PUT 403
40 verbose stack Error: "You cannot publish over the previously published version 0.4.0." : azure-pdfinfo
40 verbose stack     at makeError (/usr/local/lib/node_modules/npm/node_modules/npm-registry-client/lib/request.js:302:12)
40 verbose stack     at CachingRegistryClient.<anonymous> (/usr/local/lib/node_modules/npm/node_modules/npm-registry-client/lib/request.js:290:14)
40 verbose stack     at Request._callback (/usr/local/lib/node_modules/npm/node_modules/npm-registry-client/lib/request.js:210:14)
40 verbose stack     at Request.self.callback (/usr/local/lib/node_modules/npm/node_modules/request/request.js:187:22)
40 verbose stack     at emitTwo (events.js:106:13)
40 verbose stack     at Request.emit (events.js:191:7)
40 verbose stack     at Request.<anonymous> (/usr/local/lib/node_modules/npm/node_modules/request/request.js:1048:10)
40 verbose stack     at emitOne (events.js:96:13)
40 verbose stack     at Request.emit (events.js:188:7)
40 verbose stack     at IncomingMessage.<anonymous> (/usr/local/lib/node_modules/npm/node_modules/request/request.js:969:12)
41 verbose statusCode 403
42 verbose pkgid azure-pdfinfo
43 verbose cwd /Users/warus/Documents/AXIO/node-azure-pdfinfo
44 error Darwin 16.4.0
45 error argv "/usr/local/bin/node" "/usr/local/bin/npm" "publish"
46 error node v6.9.2
47 error npm  v3.10.9
48 error code E403
49 error "You cannot publish over the previously published version 0.4.0." : azure-pdfinfo
50 error If you need help, you may report this error at:
50 error     <https://github.com/npm/npm/issues>
51 verbose exit [ 1, true ]
